app/build/intermediates/manifest_merge_blame_file/debug/manifest-merger-blame-debug-report.txt
1<?xml version="1.0" encoding="utf-8"?>
2<manifest xmlns:android="http://schemas.android.com/apk/res/android"
3    package="com.example.controledeestoque"
4    android:versionCode="1"
5    android:versionName="1.0" >
6
7    <uses-sdk
8        android:minSdkVersion="15"
8-->src\main\AndroidManifest.xml
9        android:targetSdkVersion="29" />
9-->src\main\AndroidManifest.xml
10
11    <uses-permission android:name="android.permission.ACCESS_FINE_LOCATION" />
11-->src\main\AndroidManifest.xml:6:5-79
11-->src\main\AndroidManifest.xml:6:22-76
12    <uses-permission android:name="android.permission.INTERNET" />
12-->src\main\AndroidManifest.xml:7:5-67
12-->src\main\AndroidManifest.xml:7:22-64
13    <uses-permission android:name="android.permission.RECEIVE_BOOT_COMPLETED" />
13-->src\main\AndroidManifest.xml:8:5-81
13-->src\main\AndroidManifest.xml:8:22-78
14    <uses-permission android:name="android.permission.WRITE_EXTERNAL_STORAGE" />
14-->src\main\AndroidManifest.xml:9:5-81
14-->src\main\AndroidManifest.xml:9:22-78
15    <uses-permission android:name="android.permission.READ_EXTERNAL_STORAGE" />
15-->src\main\AndroidManifest.xml:10:5-80
15-->src\main\AndroidManifest.xml:10:22-77
16    <uses-permission android:name="android.permission.CAMERA" />
16-->src\main\AndroidManifest.xml:11:5-64
16-->src\main\AndroidManifest.xml:11:22-62
17
18    <uses-feature
18-->src\main\AndroidManifest.xml:13:5-15:35
19        android:name="android.hardware.Camera"
19-->src\main\AndroidManifest.xml:14:9-47
20        android:required="true" />
20-->src\main\AndroidManifest.xml:15:9-32
21
22    <uses-permission android:name="android.permission.VIBRATE" />
22-->[com.wdullaer:materialdatetimepicker:3.6.0] AndroidManifest.xml:26:5-66
22-->[com.wdullaer:materialdatetimepicker:3.6.0] AndroidManifest.xml:26:22-63
23    <uses-permission android:name="android.permission.EXPAND_STATUS_BAR" /> <!-- Include required permissions for Google Maps API to run. -->
23-->[com.github.jakebonk:NotifyMe:1.0.1] AndroidManifest.xml:11:5-76
23-->[com.github.jakebonk:NotifyMe:1.0.1] AndroidManifest.xml:11:22-73
24    <uses-permission android:name="android.permission.ACCESS_NETWORK_STATE" />
24-->[com.google.android.gms:play-services-maps:17.0.0] AndroidManifest.xml:23:5-79
24-->[com.google.android.gms:play-services-maps:17.0.0] AndroidManifest.xml:23:22-76
25
26    <uses-feature
26-->[com.google.android.gms:play-services-maps:17.0.0] AndroidManifest.xml:26:5-28:35
27        android:glEsVersion="0x00020000"
27-->[com.google.android.gms:play-services-maps:17.0.0] AndroidManifest.xml:27:9-41
28        android:required="true" />
28-->[com.google.android.gms:play-services-maps:17.0.0] AndroidManifest.xml:28:9-32
29
30    <application
30-->src\main\AndroidManifest.xml:19:5-76:19
31        android:allowBackup="true"
31-->src\main\AndroidManifest.xml:20:9-35
32        android:appComponentFactory="androidx.core.app.CoreComponentFactory"
32-->[androidx.core:core:1.1.0] AndroidManifest.xml:24:18-86
33        android:debuggable="true"
34        android:icon="@mipmap/ic_launcher"
34-->src\main\AndroidManifest.xml:21:9-43
35        android:label="@string/app_name"
35-->src\main\AndroidManifest.xml:22:9-41
36        android:requestLegacyExternalStorage="true"
36-->src\main\AndroidManifest.xml:26:9-52
37        android:roundIcon="@mipmap/ic_launcher_round"
37-->src\main\AndroidManifest.xml:23:9-54
38        android:supportsRtl="true"
38-->src\main\AndroidManifest.xml:24:9-35
39        android:theme="@style/AppTheme" >
39-->src\main\AndroidManifest.xml:25:9-40
40        <receiver android:name="com.example.controledeestoque.Receiver" />
40-->src\main\AndroidManifest.xml:28:9-46
40-->src\main\AndroidManifest.xml:28:19-43
41        <receiver
41-->src\main\AndroidManifest.xml:29:9-37:20
42            android:name="com.example.controledeestoque.BootService"
42-->src\main\AndroidManifest.xml:30:13-40
43            android:enabled="true"
43-->src\main\AndroidManifest.xml:32:13-35
44            android:exported="true" >
44-->src\main\AndroidManifest.xml:31:13-36
45            <intent-filter>
45-->src\main\AndroidManifest.xml:33:13-36:29
46                <action android:name="android.intent.action.BOOT_COMPLETED" />
46-->src\main\AndroidManifest.xml:34:17-78
46-->src\main\AndroidManifest.xml:34:25-76
47
48                <category android:name="android.intent.category.DEFAULT" />
48-->src\main\AndroidManifest.xml:35:17-75
48-->src\main\AndroidManifest.xml:35:27-73
49            </intent-filter>
50        </receiver>
51
52        <provider
53            android:name="androidx.core.content.FileProvider"
53-->src\main\AndroidManifest.xml:39:13-62
54            android:authorities="com.example.controledeestoque.fileprovider"
54-->src\main\AndroidManifest.xml:40:13-64
55            android:exported="false"
55-->src\main\AndroidManifest.xml:41:13-37
56            android:grantUriPermissions="true" >
56-->src\main\AndroidManifest.xml:42:13-47
57            <meta-data
57-->src\main\AndroidManifest.xml:43:13-45:53
58                android:name="android.support.FILE_PROVIDER_PATHS"
58-->src\main\AndroidManifest.xml:44:17-67
59                android:resource="@xml/file_path" />
59-->src\main\AndroidManifest.xml:45:17-50
60        </provider>
61
62        <activity android:name="com.example.controledeestoque.Estoque" />
62-->src\main\AndroidManifest.xml:47:9-45
62-->src\main\AndroidManifest.xml:47:19-42
63        <activity android:name="com.example.controledeestoque.DisplayImage" />
63-->src\main\AndroidManifest.xml:48:9-50
63-->src\main\AndroidManifest.xml:48:19-47
64        <activity android:name="com.example.controledeestoque.SettingsActivity" />
64-->src\main\AndroidManifest.xml:49:9-54
64-->src\main\AndroidManifest.xml:49:19-51
65        <activity android:name="com.example.controledeestoque.ComprasFuturas" />
65-->src\main\AndroidManifest.xml:50:9-52
65-->src\main\AndroidManifest.xml:50:19-49
66        <activity android:name="com.example.controledeestoque.CompList" />
66-->src\main\AndroidManifest.xml:51:9-46
66-->src\main\AndroidManifest.xml:51:19-43
67        <activity android:name="com.example.controledeestoque.DetalhesCompra" />
67-->src\main\AndroidManifest.xml:52:9-52
67-->src\main\AndroidManifest.xml:52:19-49
68        <activity
68-->src\main\AndroidManifest.xml:53:9-54:98
69            android:name="com.example.controledeestoque.NovaCompra"
69-->src\main\AndroidManifest.xml:53:19-45
70            android:configChanges="keyboard|keyboardHidden|orientation|screenSize|screenLayout" />
70-->src\main\AndroidManifest.xml:54:13-96
71        <activity android:name="com.example.controledeestoque.DetalhesProduto" />
71-->src\main\AndroidManifest.xml:55:9-53
71-->src\main\AndroidManifest.xml:55:19-50
72        <activity android:name="com.example.controledeestoque.ProdList" />
72-->src\main\AndroidManifest.xml:56:9-46
72-->src\main\AndroidManifest.xml:56:19-43
73        <activity android:name="com.example.controledeestoque.Mapa" />
73-->src\main\AndroidManifest.xml:57:9-42
73-->src\main\AndroidManifest.xml:57:19-39
74
75        <meta-data
75-->src\main\AndroidManifest.xml:59:9-61:71
76            android:name="com.google.android.geo.API_KEY"
76-->src\main\AndroidManifest.xml:60:13-58
77            android:value="AIzaSyDH2n7JVnFLrZqliZqP6Gt0xP9EXbyFcsQ" />
77-->src\main\AndroidManifest.xml:61:13-68
78
79        <!-- <activity android:name=".Adapters.ProdutoAdapter" /> -->
80        <!-- <activity android:name=".Adapters.CompraAdapter" -->
81        <!-- android:configChanges="keyboard|keyboardHidden|orientation|screenSize|screenLayout"/> -->
82        <activity
82-->src\main\AndroidManifest.xml:66:9-68:58
83            android:name="com.example.controledeestoque.NovoProduto"
83-->src\main\AndroidManifest.xml:67:13-40
84            android:windowSoftInputMode="stateVisible" />
84-->src\main\AndroidManifest.xml:68:13-55
85        <activity android:name="com.example.controledeestoque.MainActivity" >
85-->src\main\AndroidManifest.xml:69:9-75:20
85-->src\main\AndroidManifest.xml:69:19-47
86            <intent-filter>
86-->src\main\AndroidManifest.xml:70:13-74:29
87                <action android:name="android.intent.action.MAIN" />
87-->src\main\AndroidManifest.xml:71:17-69
87-->src\main\AndroidManifest.xml:71:25-66
88
89                <category android:name="android.intent.category.LAUNCHER" />
89-->src\main\AndroidManifest.xml:73:17-77
89-->src\main\AndroidManifest.xml:73:27-74
90            </intent-filter>
91        </activity>
92
93        <receiver
93-->[com.github.jakebonk:NotifyMe:1.0.1] AndroidManifest.xml:14:9-17:39
94            android:name="com.allyants.notifyme.BootNotifyMe"
94-->[com.github.jakebonk:NotifyMe:1.0.1] AndroidManifest.xml:15:13-62
95            android:enabled="true"
95-->[com.github.jakebonk:NotifyMe:1.0.1] AndroidManifest.xml:16:13-35
96            android:exported="true" />
96-->[com.github.jakebonk:NotifyMe:1.0.1] AndroidManifest.xml:17:13-36
97        <receiver
97-->[com.github.jakebonk:NotifyMe:1.0.1] AndroidManifest.xml:18:9-21:39
98            android:name="com.allyants.notifyme.ActionReceiver"
98-->[com.github.jakebonk:NotifyMe:1.0.1] AndroidManifest.xml:19:13-64
99            android:enabled="true"
99-->[com.github.jakebonk:NotifyMe:1.0.1] AndroidManifest.xml:20:13-35
100            android:exported="true" />
100-->[com.github.jakebonk:NotifyMe:1.0.1] AndroidManifest.xml:21:13-36
101        <receiver
101-->[com.github.jakebonk:NotifyMe:1.0.1] AndroidManifest.xml:22:9-25:39
102            android:name="com.allyants.notifyme.DeletePendingIntent"
102-->[com.github.jakebonk:NotifyMe:1.0.1] AndroidManifest.xml:23:13-69
103            android:enabled="true"
103-->[com.github.jakebonk:NotifyMe:1.0.1] AndroidManifest.xml:24:13-35
104            android:exported="true" /> <!-- Needs to be explicitly declared on P+ -->
104-->[com.github.jakebonk:NotifyMe:1.0.1] AndroidManifest.xml:25:13-36
105        <uses-library
105-->[com.google.android.gms:play-services-maps:17.0.0] AndroidManifest.xml:33:9-35:40
106            android:name="org.apache.http.legacy"
106-->[com.google.android.gms:play-services-maps:17.0.0] AndroidManifest.xml:34:13-50
107            android:required="false" />
107-->[com.google.android.gms:play-services-maps:17.0.0] AndroidManifest.xml:35:13-37
108
109        <activity
109-->[com.google.android.gms:play-services-base:17.0.0] AndroidManifest.xml:23:9-26:75
110            android:name="com.google.android.gms.common.api.GoogleApiActivity"
110-->[com.google.android.gms:play-services-base:17.0.0] AndroidManifest.xml:24:13-79
111            android:exported="false"
111-->[com.google.android.gms:play-services-base:17.0.0] AndroidManifest.xml:25:13-37
112            android:theme="@android:style/Theme.Translucent.NoTitleBar" />
112-->[com.google.android.gms:play-services-base:17.0.0] AndroidManifest.xml:26:13-72
113
114        <meta-data
114-->[com.google.android.gms:play-services-basement:17.0.0] AndroidManifest.xml:23:9-25:69
115            android:name="com.google.android.gms.version"
115-->[com.google.android.gms:play-services-basement:17.0.0] AndroidManifest.xml:24:13-58
116            android:value="@integer/google_play_services_version" />
116-->[com.google.android.gms:play-services-basement:17.0.0] AndroidManifest.xml:25:13-66
117    </application>
118
119</manifest>